{"C:\\Users\\Gleisson\\Desktop\\ADS\\terceiro_semestre\\DAPI\\aula04_parteII\\calculator\\calculator.js": {"path":"C:\\Users\\Gleisson\\Desktop\\ADS\\terceiro_semestre\\DAPI\\aula04_parteII\\calculator\\calculator.js","statementMap":{"0":{"start":{"line":2,"column":4},"end":{"line":2,"column":16}},"1":{"start":{"line":5,"column":4},"end":{"line":5,"column":16}},"2":{"start":{"line":8,"column":4},"end":{"line":8,"column":16}},"3":{"start":{"line":11,"column":4},"end":{"line":11,"column":16}},"4":{"start":{"line":14,"column":0},"end":{"line":19,"column":1}}},"fnMap":{"0":{"name":"sum","decl":{"start":{"line":1,"column":9},"end":{"line":1,"column":12}},"loc":{"start":{"line":1,"column":19},"end":{"line":3,"column":1}},"line":1},"1":{"name":"subtract","decl":{"start":{"line":4,"column":9},"end":{"line":4,"column":17}},"loc":{"start":{"line":4,"column":24},"end":{"line":6,"column":1}},"line":4},"2":{"name":"dividir","decl":{"start":{"line":7,"column":9},"end":{"line":7,"column":16}},"loc":{"start":{"line":7,"column":23},"end":{"line":9,"column":1}},"line":7},"3":{"name":"multiplicar","decl":{"start":{"line":10,"column":9},"end":{"line":10,"column":20}},"loc":{"start":{"line":10,"column":27},"end":{"line":12,"column":1}},"line":10}},"branchMap":{},"s":{"0":1,"1":0,"2":0,"3":0,"4":1},"f":{"0":1,"1":0,"2":0,"3":0},"b":{},"_coverageSchema":"1a1c01bbd47fc00a2c39e90264f33305004495a9","hash":"96cdbab00ecb3b6a5031f3e557b3716c234658f2"}
}
